#
# A fatal error has been detected by the Java Runtime Environment:
#
#  Internal Error (classfile/classLoader.hpp:129), pid=20976, tid=14448
#  Error: ShouldNotReachHere()
#
# JRE version: OpenJDK Runtime Environment GraalVM CE 22.3.1 (17.0.6+10) (build 17.0.6+10-jvmci-22.3-b13)
# Java VM: OpenJDK 64-Bit Server VM GraalVM CE 22.3.1 (17.0.6+10-jvmci-22.3-b13, mixed mode, sharing, tiered, jvmci, jvmci compiler, compressed oops, compressed class ptrs, g1 gc, windows-amd64)
# No core dump will be written. Minidumps are not enabled by default on client versions of Windows
#
# If you would like to submit a bug report, please visit:
#   https://github.com/oracle/graal/issues
#

---------------  S U M M A R Y ------------

Command Line: -XX:ThreadPriorityPolicy=1 -XX:+UnlockExperimentalVMOptions -XX:+EnableJVMCIProduct -XX:JVMCIThreadsPerNativeLibraryRuntime=1 -XX:-UnlockExperimentalVMOptions -agentlib:jdwp=transport=dt_socket,address=127.0.0.1:63733,suspend=y,server=n -ea -Didea.test.cyclic.buffer.size=1048576 -javaagent:C:\Users\Administrator\AppData\Local\JetBrains\IntelliJIdea2023.1\captureAgent\debugger-agent.jar -Dfile.encoding=UTF-8 com.intellij.rt.junit.JUnitStarter -ideVersion5 -junit5 converter.scheduler.stocks.BaselinkerInventoryLoadSchedulerTest,loadInventoryShouldBeCalledOneTimeWithoutErrors

Host: 11th Gen Intel(R) Core(TM) i7-1165G7 @ 2.80GHz, 8 cores, 15G,  Windows 10 , 64 bit Build 19041 (10.0.19041.2546)
Time: Wed Apr 12 23:26:15 2023  Windows 10 , 64 bit Build 19041 (10.0.19041.2546) elapsed time: 0.285633 seconds (0d 0h 0m 0s)

---------------  T H R E A D  ---------------

Current thread (0x000001f3dd6fe680):  JavaThread "main" [_thread_in_vm, id=14448, stack(0x0000005286000000,0x0000005286100000)]

Stack: [0x0000005286000000,0x0000005286100000]
Native frames: (J=compiled Java code, j=interpreted, Vv=VM code, C=native code)
V  [jvm.dll+0x6674ca]
V  [jvm.dll+0x7c7bae]
V  [jvm.dll+0x7c94fe]
V  [jvm.dll+0x7c9b67]
V  [jvm.dll+0x24372c]
V  [jvm.dll+0x243673]
V  [jvm.dll+0x1ed78a]
V  [jvm.dll+0x2be4f0]
V  [jvm.dll+0x2bf53c]
V  [jvm.dll+0x52d1cd]
V  [jvm.dll+0x742226]
V  [jvm.dll+0x741e7b]
V  [jvm.dll+0x7432e3]
V  [jvm.dll+0x743618]
V  [jvm.dll+0x23bc8b]
V  [jvm.dll+0x37a63e]
C  0x000001f3ee66790e

Java frames: (J=compiled Java code, j=interpreted, Vv=VM code)
j  com.intellij.rt.debugger.agent.CollectionBreakpointInstrumentor$ConcurrentIdentityHashMap.<init>()V+5
j  com.intellij.rt.debugger.agent.CollectionBreakpointInstrumentor$ConcurrentIdentityHashMap.<init>(Lcom/intellij/rt/debugger/agent/CollectionBreakpointInstrumentor$1;)V+1
j  com.intellij.rt.debugger.agent.CollectionBreakpointInstrumentor.<clinit>()V+5
v  ~StubRoutines::call_stub
j  com.intellij.rt.debugger.agent.DebuggerAgent.premain(Ljava/lang/String;Ljava/lang/instrument/Instrumentation;)V+31
v  ~StubRoutines::call_stub
j  jdk.internal.reflect.NativeMethodAccessorImpl.invoke0(Ljava/lang/reflect/Method;Ljava/lang/Object;[Ljava/lang/Object;)Ljava/lang/Object;+0 java.base@17.0.6
j  jdk.internal.reflect.NativeMethodAccessorImpl.invoke(Ljava/lang/Object;[Ljava/lang/Object;)Ljava/lang/Object;+133 java.base@17.0.6
j  jdk.internal.reflect.DelegatingMethodAccessorImpl.invoke(Ljava/lang/Object;[Ljava/lang/Object;)Ljava/lang/Object;+6 java.base@17.0.6
j  java.lang.reflect.Method.invoke(Ljava/lang/Object;[Ljava/lang/Object;)Ljava/lang/Object;+59 java.base@17.0.6
j  sun.instrument.InstrumentationImpl.loadClassAndStartAgent(Ljava/lang/String;Ljava/lang/String;Ljava/lang/String;)V+167 java.instrument@17.0.6
j  sun.instrument.InstrumentationImpl.loadClassAndCallPremain(Ljava/lang/String;Ljava/lang/String;)V+6 java.instrument@17.0.6
v  ~StubRoutines::call_stub

---------------  P R O C E S S  ---------------

Threads class SMR info:
_java_thread_list=0x000001f38318f900, length=16, elements={
0x000001f3dd6fe680, 0x000001f382633b90, 0x000001f382634ef0, 0x000001f38300c910,
0x000001f38300f2e0, 0x000001f3830158a0, 0x000001f383016260, 0x000001f38301b010,
0x000001f38301ebd0, 0x000001f3830481f0, 0x000001f38313ba10, 0x000001f38314aa00,
0x000001f38261a440, 0x000001f3831cfe00, 0x000001f3831e9f20, 0x000001f3831eb020
}
_to_delete_list=0x000001f3831ea550, length=15, elements={
0x000001f3dd6fe680, 0x000001f382633b90, 0x000001f382634ef0, 0x000001f38300c910,
0x000001f38300f2e0, 0x000001f3830158a0, 0x000001f383016260, 0x000001f38301b010,
0x000001f38301ebd0, 0x000001f3830481f0, 0x000001f38313ba10, 0x000001f38314aa00,
0x000001f38261a440, 0x000001f3831cfe00, 0x000001f3831e9f20
}

Java Threads: ( => current thread )
=>0x000001f3dd6fe680 JavaThread "main" [_thread_in_vm, id=14448, stack(0x0000005286000000,0x0000005286100000)]
  0x000001f382633b90 JavaThread "Reference Handler" daemon [_thread_blocked, id=15720, stack(0x0000005286700000,0x0000005286800000)]
  0x000001f382634ef0 JavaThread "Finalizer" daemon [_thread_blocked, id=3836, stack(0x0000005286800000,0x0000005286900000)]
  0x000001f38300c910 JavaThread "Signal Dispatcher" daemon [_thread_blocked, id=20164, stack(0x0000005286900000,0x0000005286a00000)]
  0x000001f38300f2e0 JavaThread "Attach Listener" daemon [_thread_blocked, id=20712, stack(0x0000005286a00000,0x0000005286b00000)]
  0x000001f3830158a0 JavaThread "Service Thread" daemon [_thread_blocked, id=7784, stack(0x0000005286b00000,0x0000005286c00000)]
  0x000001f383016260 JavaThread "Monitor Deflation Thread" daemon [_thread_blocked, id=13420, stack(0x0000005286c00000,0x0000005286d00000)]
  0x000001f38301b010 JavaThread "JVMCI-native CompilerThread0" daemon [_thread_in_native, id=22428, stack(0x0000005286d00000,0x0000005286e00000)]
  0x000001f38301ebd0 JavaThread "C1 CompilerThread0" daemon [_thread_blocked, id=8364, stack(0x0000005286e00000,0x0000005286f00000)]
  0x000001f3830481f0 JavaThread "Sweeper thread" daemon [_thread_blocked, id=2288, stack(0x0000005286f00000,0x0000005287000000)]
  0x000001f38313ba10 JavaThread "Common-Cleaner" daemon [_thread_blocked, id=11716, stack(0x0000005287000000,0x0000005287100000)]
  0x000001f38314aa00 JavaThread "C1 CompilerThread1" daemon [_thread_blocked, id=19940, stack(0x0000005287100000,0x0000005287200000)]
  0x000001f38261a440 JavaThread "C1 CompilerThread2" daemon [_thread_blocked, id=16240, stack(0x0000005287200000,0x0000005287300000)]
  0x000001f3831cfe00 JavaThread "JDWP Transport Listener: dt_socket" daemon [_thread_blocked, id=21112, stack(0x0000005287300000,0x0000005287400000)]
  0x000001f3831e9f20 JavaThread "JDWP Event Helper Thread" daemon [_thread_blocked, id=21100, stack(0x0000005287400000,0x0000005287500000)]
  0x000001f3831eb020 JavaThread "JDWP Command Reader" daemon [_thread_in_native, id=10076, stack(0x0000005287500000,0x0000005287600000)]

Other Threads:
  0x000001f38262e950 VMThread "VM Thread" [stack: 0x0000005286600000,0x0000005286700000] [id=12724]
  0x000001f3dd715d70 GCTaskThread "GC Thread#0" [stack: 0x0000005286100000,0x0000005286200000] [id=18820]
  0x000001f3db64def0 ConcurrentGCThread "G1 Main Marker" [stack: 0x0000005286200000,0x0000005286300000] [id=12404]
  0x000001f3db64e9d0 ConcurrentGCThread "G1 Conc#0" [stack: 0x0000005286300000,0x0000005286400000] [id=11880]
  0x000001f3dd7aeb90 ConcurrentGCThread "G1 Refine#0" [stack: 0x0000005286400000,0x0000005286500000] [id=628]
  0x000001f3824e37d0 ConcurrentGCThread "G1 Service" [stack: 0x0000005286500000,0x0000005286600000] [id=22216]

Threads with active compile tasks:
JVMCI-native CompilerThread0      306  206       4       java.lang.String::hashCode (60 bytes)

VM state: not at safepoint (normal execution)

VM Mutex/Monitor currently owned by a thread:  ([mutex/lock_event])
[0x000001f3dd6fc0d0] CDSClassFileStream_lock - owner thread: 0x000001f3dd6fe680

Heap address: 0x0000000703a00000, size: 4038 MB, Compressed Oops mode: Zero based, Oop shift amount: 3

CDS archive(s) mapped at: [0x0000000800000000-0x0000000800bc0000-0x0000000800bc0000), size 12320768, SharedBaseAddress: 0x0000000800000000, ArchiveRelocationMode: 0.
Compressed class space mapped at: 0x0000000800c00000-0x0000000840c00000, reserved size: 1073741824
Narrow klass base: 0x0000000800000000, Narrow klass shift: 0, Narrow klass range: 0x100000000

GC Precious Log:
 CPUs: 8 total, 8 available
 Memory: 16149M
 Large Page Support: Disabled
 NUMA Support: Disabled
 Compressed Oops: Enabled (Zero based)
 Heap Region Size: 2M
 Heap Min Capacity: 8M
 Heap Initial Capacity: 254M
 Heap Max Capacity: 4038M
 Pre-touch: Disabled
 Parallel Workers: 8
 Concurrent Workers: 2
 Concurrent Refinement Workers: 8
 Periodic GC: Disabled

Heap:
 garbage-first heap   total 260096K, used 2048K [0x0000000703a00000, 0x0000000800000000)
  region size 2048K, 2 young (4096K), 0 survivors (0K)
 Metaspace       used 453K, committed 640K, reserved 1056768K
  class space    used 21K, committed 128K, reserved 1048576K

Heap Regions: E=young(eden), S=young(survivor), O=old, HS=humongous(starts), HC=humongous(continues), CS=collection set, F=free, OA=open archive, CA=closed archive, TAMS=top-at-mark-start (previous, next)
|   0|0x0000000703a00000, 0x0000000703a00000, 0x0000000703c00000|  0%| F|  |TAMS 0x0000000703a00000, 0x0000000703a00000| Untracked 
|   1|0x0000000703c00000, 0x0000000703c00000, 0x0000000703e00000|  0%| F|  |TAMS 0x0000000703c00000, 0x0000000703c00000| Untracked 
|   2|0x0000000703e00000, 0x0000000703e00000, 0x0000000704000000|  0%| F|  |TAMS 0x0000000703e00000, 0x0000000703e00000| Untracked 
|   3|0x0000000704000000, 0x0000000704000000, 0x0000000704200000|  0%| F|  |TAMS 0x0000000704000000, 0x0000000704000000| Untracked 
|   4|0x0000000704200000, 0x0000000704200000, 0x0000000704400000|  0%| F|  |TAMS 0x0000000704200000, 0x0000000704200000| Untracked 
|   5|0x0000000704400000, 0x0000000704400000, 0x0000000704600000|  0%| F|  |TAMS 0x0000000704400000, 0x0000000704400000| Untracked 
|   6|0x0000000704600000, 0x0000000704600000, 0x0000000704800000|  0%| F|  |TAMS 0x0000000704600000, 0x0000000704600000| Untracked 
|   7|0x0000000704800000, 0x0000000704800000, 0x0000000704a00000|  0%| F|  |TAMS 0x0000000704800000, 0x0000000704800000| Untracked 
|   8|0x0000000704a00000, 0x0000000704a00000, 0x0000000704c00000|  0%| F|  |TAMS 0x0000000704a00000, 0x0000000704a00000| Untracked 
|   9|0x0000000704c00000, 0x0000000704c00000, 0x0000000704e00000|  0%| F|  |TAMS 0x0000000704c00000, 0x0000000704c00000| Untracked 
|  10|0x0000000704e00000, 0x0000000704e00000, 0x0000000705000000|  0%| F|  |TAMS 0x0000000704e00000, 0x0000000704e00000| Untracked 
|  11|0x0000000705000000, 0x0000000705000000, 0x0000000705200000|  0%| F|  |TAMS 0x0000000705000000, 0x0000000705000000| Untracked 
|  12|0x0000000705200000, 0x0000000705200000, 0x0000000705400000|  0%| F|  |TAMS 0x0000000705200000, 0x0000000705200000| Untracked 
|  13|0x0000000705400000, 0x0000000705400000, 0x0000000705600000|  0%| F|  |TAMS 0x0000000705400000, 0x0000000705400000| Untracked 
|  14|0x0000000705600000, 0x0000000705600000, 0x0000000705800000|  0%| F|  |TAMS 0x0000000705600000, 0x0000000705600000| Untracked 
|  15|0x0000000705800000, 0x0000000705800000, 0x0000000705a00000|  0%| F|  |TAMS 0x0000000705800000, 0x0000000705800000| Untracked 
|  16|0x0000000705a00000, 0x0000000705a00000, 0x0000000705c00000|  0%| F|  |TAMS 0x0000000705a00000, 0x0000000705a00000| Untracked 
|  17|0x0000000705c00000, 0x0000000705c00000, 0x0000000705e00000|  0%| F|  |TAMS 0x0000000705c00000, 0x0000000705c00000| Untracked 
|  18|0x0000000705e00000, 0x0000000705e00000, 0x0000000706000000|  0%| F|  |TAMS 0x0000000705e00000, 0x0000000705e00000| Untracked 
|  19|0x0000000706000000, 0x0000000706000000, 0x0000000706200000|  0%| F|  |TAMS 0x0000000706000000, 0x0000000706000000| Untracked 
|  20|0x0000000706200000, 0x0000000706200000, 0x0000000706400000|  0%| F|  |TAMS 0x0000000706200000, 0x0000000706200000| Untracked 
|  21|0x0000000706400000, 0x0000000706400000, 0x0000000706600000|  0%| F|  |TAMS 0x0000000706400000, 0x0000000706400000| Untracked 
|  22|0x0000000706600000, 0x0000000706600000, 0x0000000706800000|  0%| F|  |TAMS 0x0000000706600000, 0x0000000706600000| Untracked 
|  23|0x0000000706800000, 0x0000000706800000, 0x0000000706a00000|  0%| F|  |TAMS 0x0000000706800000, 0x0000000706800000| Untracked 
|  24|0x0000000706a00000, 0x0000000706a00000, 0x0000000706c00000|  0%| F|  |TAMS 0x0000000706a00000, 0x0000000706a00000| Untracked 
|  25|0x0000000706c00000, 0x0000000706c00000, 0x0000000706e00000|  0%| F|  |TAMS 0x0000000706c00000, 0x0000000706c00000| Untracked 
|  26|0x0000000706e00000, 0x0000000706e00000, 0x0000000707000000|  0%| F|  |TAMS 0x0000000706e00000, 0x0000000706e00000| Untracked 
|  27|0x0000000707000000, 0x0000000707000000, 0x0000000707200000|  0%| F|  |TAMS 0x0000000707000000, 0x0000000707000000| Untracked 
|  28|0x0000000707200000, 0x0000000707200000, 0x0000000707400000|  0%| F|  |TAMS 0x0000000707200000, 0x0000000707200000| Untracked 
|  29|0x0000000707400000, 0x0000000707400000, 0x0000000707600000|  0%| F|  |TAMS 0x0000000707400000, 0x0000000707400000| Untracked 
|  30|0x0000000707600000, 0x0000000707600000, 0x0000000707800000|  0%| F|  |TAMS 0x0000000707600000, 0x0000000707600000| Untracked 
|  31|0x0000000707800000, 0x0000000707800000, 0x0000000707a00000|  0%| F|  |TAMS 0x0000000707800000, 0x0000000707800000| Untracked 
|  32|0x0000000707a00000, 0x0000000707a00000, 0x0000000707c00000|  0%| F|  |TAMS 0x0000000707a00000, 0x0000000707a00000| Untracked 
|  33|0x0000000707c00000, 0x0000000707c00000, 0x0000000707e00000|  0%| F|  |TAMS 0x0000000707c00000, 0x0000000707c00000| Untracked 
|  34|0x0000000707e00000, 0x0000000707e00000, 0x0000000708000000|  0%| F|  |TAMS 0x0000000707e00000, 0x0000000707e00000| Untracked 
|  35|0x0000000708000000, 0x0000000708000000, 0x0000000708200000|  0%| F|  |TAMS 0x0000000708000000, 0x0000000708000000| Untracked 
|  36|0x0000000708200000, 0x0000000708200000, 0x0000000708400000|  0%| F|  |TAMS 0x0000000708200000, 0x0000000708200000| Untracked 
|  37|0x0000000708400000, 0x0000000708400000, 0x0000000708600000|  0%| F|  |TAMS 0x0000000708400000, 0x0000000708400000| Untracked 
|  38|0x0000000708600000, 0x0000000708600000, 0x0000000708800000|  0%| F|  |TAMS 0x0000000708600000, 0x0000000708600000| Untracked 
|  39|0x0000000708800000, 0x0000000708800000, 0x0000000708a00000|  0%| F|  |TAMS 0x0000000708800000, 0x0000000708800000| Untracked 
|  40|0x0000000708a00000, 0x0000000708a00000, 0x0000000708c00000|  0%| F|  |TAMS 0x0000000708a00000, 0x0000000708a00000| Untracked 
|  41|0x0000000708c00000, 0x0000000708c00000, 0x0000000708e00000|  0%| F|  |TAMS 0x0000000708c00000, 0x0000000708c00000| Untracked 
|  42|0x0000000708e00000, 0x0000000708e00000, 0x0000000709000000|  0%| F|  |TAMS 0x0000000708e00000, 0x0000000708e00000| Untracked 
|  43|0x0000000709000000, 0x0000000709000000, 0x0000000709200000|  0%| F|  |TAMS 0x0000000709000000, 0x0000000709000000| Untracked 
|  44|0x0000000709200000, 0x0000000709200000, 0x0000000709400000|  0%| F|  |TAMS 0x0000000709200000, 0x0000000709200000| Untracked 
|  45|0x0000000709400000, 0x0000000709400000, 0x0000000709600000|  0%| F|  |TAMS 0x0000000709400000, 0x0000000709400000| Untracked 
|  46|0x0000000709600000, 0x0000000709600000, 0x0000000709800000|  0%| F|  |TAMS 0x0000000709600000, 0x0000000709600000| Untracked 
|  47|0x0000000709800000, 0x0000000709800000, 0x0000000709a00000|  0%| F|  |TAMS 0x0000000709800000, 0x0000000709800000| Untracked 
|  48|0x0000000709a00000, 0x0000000709a00000, 0x0000000709c00000|  0%| F|  |TAMS 0x0000000709a00000, 0x0000000709a00000| Untracked 
|  49|0x0000000709c00000, 0x0000000709c00000, 0x0000000709e00000|  0%| F|  |TAMS 0x0000000709c00000, 0x0000000709c00000| Untracked 
|  50|0x0000000709e00000, 0x0000000709e00000, 0x000000070a000000|  0%| F|  |TAMS 0x0000000709e00000, 0x0000000709e00000| Untracked 
|  51|0x000000070a000000, 0x000000070a000000, 0x000000070a200000|  0%| F|  |TAMS 0x000000070a000000, 0x000000070a000000| Untracked 
|  52|0x000000070a200000, 0x000000070a200000, 0x000000070a400000|  0%| F|  |TAMS 0x000000070a200000, 0x000000070a200000| Untracked 
|  53|0x000000070a400000, 0x000000070a400000, 0x000000070a600000|  0%| F|  |TAMS 0x000000070a400000, 0x000000070a400000| Untracked 
|  54|0x000000070a600000, 0x000000070a600000, 0x000000070a800000|  0%| F|  |TAMS 0x000000070a600000, 0x000000070a600000| Untracked 
|  55|0x000000070a800000, 0x000000070a800000, 0x000000070aa00000|  0%| F|  |TAMS 0x000000070a800000, 0x000000070a800000| Untracked 
|  56|0x000000070aa00000, 0x000000070aa00000, 0x000000070ac00000|  0%| F|  |TAMS 0x000000070aa00000, 0x000000070aa00000| Untracked 
|  57|0x000000070ac00000, 0x000000070ac00000, 0x000000070ae00000|  0%| F|  |TAMS 0x000000070ac00000, 0x000000070ac00000| Untracked 
|  58|0x000000070ae00000, 0x000000070ae00000, 0x000000070b000000|  0%| F|  |TAMS 0x000000070ae00000, 0x000000070ae00000| Untracked 
|  59|0x000000070b000000, 0x000000070b000000, 0x000000070b200000|  0%| F|  |TAMS 0x000000070b000000, 0x000000070b000000| Untracked 
|  60|0x000000070b200000, 0x000000070b200000, 0x000000070b400000|  0%| F|  |TAMS 0x000000070b200000, 0x000000070b200000| Untracked 
|  61|0x000000070b400000, 0x000000070b400000, 0x000000070b600000|  0%| F|  |TAMS 0x000000070b400000, 0x000000070b400000| Untracked 
|  62|0x000000070b600000, 0x000000070b600000, 0x000000070b800000|  0%| F|  |TAMS 0x000000070b600000, 0x000000070b600000| Untracked 
|  63|0x000000070b800000, 0x000000070b800000, 0x000000070ba00000|  0%| F|  |TAMS 0x000000070b800000, 0x000000070b800000| Untracked 
|  64|0x000000070ba00000, 0x000000070ba00000, 0x000000070bc00000|  0%| F|  |TAMS 0x000000070ba00000, 0x000000070ba00000| Untracked 
|  65|0x000000070bc00000, 0x000000070bc00000, 0x000000070be00000|  0%| F|  |TAMS 0x000000070bc00000, 0x000000070bc00000| Untracked 
|  66|0x000000070be00000, 0x000000070be00000, 0x000000070c000000|  0%| F|  |TAMS 0x000000070be00000, 0x000000070be00000| Untracked 
|  67|0x000000070c000000, 0x000000070c000000, 0x000000070c200000|  0%| F|  |TAMS 0x000000070c000000, 0x000000070c000000| Untracked 
|  68|0x000000070c200000, 0x000000070c200000, 0x000000070c400000|  0%| F|  |TAMS 0x000000070c200000, 0x000000070c200000| Untracked 
|  69|0x000000070c400000, 0x000000070c400000, 0x000000070c600000|  0%| F|  |TAMS 0x000000070c400000, 0x000000070c400000| Untracked 
|  70|0x000000070c600000, 0x000000070c600000, 0x000000070c800000|  0%| F|  |TAMS 0x000000070c600000, 0x000000070c600000| Untracked 
|  71|0x000000070c800000, 0x000000070c800000, 0x000000070ca00000|  0%| F|  |TAMS 0x000000070c800000, 0x000000070c800000| Untracked 
|  72|0x000000070ca00000, 0x000000070ca00000, 0x000000070cc00000|  0%| F|  |TAMS 0x000000070ca00000, 0x000000070ca00000| Untracked 
|  73|0x000000070cc00000, 0x000000070cc00000, 0x000000070ce00000|  0%| F|  |TAMS 0x000000070cc00000, 0x000000070cc00000| Untracked 
|  74|0x000000070ce00000, 0x000000070ce00000, 0x000000070d000000|  0%| F|  |TAMS 0x000000070ce00000, 0x000000070ce00000| Untracked 
|  75|0x000000070d000000, 0x000000070d000000, 0x000000070d200000|  0%| F|  |TAMS 0x000000070d000000, 0x000000070d000000| Untracked 
|  76|0x000000070d200000, 0x000000070d200000, 0x000000070d400000|  0%| F|  |TAMS 0x000000070d200000, 0x000000070d200000| Untracked 
|  77|0x000000070d400000, 0x000000070d400000, 0x000000070d600000|  0%| F|  |TAMS 0x000000070d400000, 0x000000070d400000| Untracked 
|  78|0x000000070d600000, 0x000000070d600000, 0x000000070d800000|  0%| F|  |TAMS 0x000000070d600000, 0x000000070d600000| Untracked 
|  79|0x000000070d800000, 0x000000070d800000, 0x000000070da00000|  0%| F|  |TAMS 0x000000070d800000, 0x000000070d800000| Untracked 
|  80|0x000000070da00000, 0x000000070da00000, 0x000000070dc00000|  0%| F|  |TAMS 0x000000070da00000, 0x000000070da00000| Untracked 
|  81|0x000000070dc00000, 0x000000070dc00000, 0x000000070de00000|  0%| F|  |TAMS 0x000000070dc00000, 0x000000070dc00000| Untracked 
|  82|0x000000070de00000, 0x000000070de00000, 0x000000070e000000|  0%| F|  |TAMS 0x000000070de00000, 0x000000070de00000| Untracked 
|  83|0x000000070e000000, 0x000000070e000000, 0x000000070e200000|  0%| F|  |TAMS 0x000000070e000000, 0x000000070e000000| Untracked 
|  84|0x000000070e200000, 0x000000070e200000, 0x000000070e400000|  0%| F|  |TAMS 0x000000070e200000, 0x000000070e200000| Untracked 
|  85|0x000000070e400000, 0x000000070e400000, 0x000000070e600000|  0%| F|  |TAMS 0x000000070e400000, 0x000000070e400000| Untracked 
|  86|0x000000070e600000, 0x000000070e600000, 0x000000070e800000|  0%| F|  |TAMS 0x000000070e600000, 0x000000070e600000| Untracked 
|  87|0x000000070e800000, 0x000000070e800000, 0x000000070ea00000|  0%| F|  |TAMS 0x000000070e800000, 0x000000070e800000| Untracked 
|  88|0x000000070ea00000, 0x000000070ea00000, 0x000000070ec00000|  0%| F|  |TAMS 0x000000070ea00000, 0x000000070ea00000| Untracked 
|  89|0x000000070ec00000, 0x000000070ec00000, 0x000000070ee00000|  0%| F|  |TAMS 0x000000070ec00000, 0x000000070ec00000| Untracked 
|  90|0x000000070ee00000, 0x000000070ee00000, 0x000000070f000000|  0%| F|  |TAMS 0x000000070ee00000, 0x000000070ee00000| Untracked 
|  91|0x000000070f000000, 0x000000070f000000, 0x000000070f200000|  0%| F|  |TAMS 0x000000070f000000, 0x000000070f000000| Untracked 
|  92|0x000000070f200000, 0x000000070f200000, 0x000000070f400000|  0%| F|  |TAMS 0x000000070f200000, 0x000000070f200000| Untracked 
|  93|0x000000070f400000, 0x000000070f400000, 0x000000070f600000|  0%| F|  |TAMS 0x000000070f400000, 0x000000070f400000| Untracked 
|  94|0x000000070f600000, 0x000000070f600000, 0x000000070f800000|  0%| F|  |TAMS 0x000000070f600000, 0x000000070f600000| Untracked 
|  95|0x000000070f800000, 0x000000070f800000, 0x000000070fa00000|  0%| F|  |TAMS 0x000000070f800000, 0x000000070f800000| Untracked 
|  96|0x000000070fa00000, 0x000000070fa00000, 0x000000070fc00000|  0%| F|  |TAMS 0x000000070fa00000, 0x000000070fa00000| Untracked 
|  97|0x000000070fc00000, 0x000000070fc00000, 0x000000070fe00000|  0%| F|  |TAMS 0x000000070fc00000, 0x000000070fc00000| Untracked 
|  98|0x000000070fe00000, 0x000000070fe00000, 0x0000000710000000|  0%| F|  |TAMS 0x000000070fe00000, 0x000000070fe00000| Untracked 
|  99|0x0000000710000000, 0x0000000710000000, 0x0000000710200000|  0%| F|  |TAMS 0x0000000710000000, 0x0000000710000000| Untracked 
| 100|0x0000000710200000, 0x0000000710200000, 0x0000000710400000|  0%| F|  |TAMS 0x0000000710200000, 0x0000000710200000| Untracked 
| 101|0x0000000710400000, 0x0000000710400000, 0x0000000710600000|  0%| F|  |TAMS 0x0000000710400000, 0x0000000710400000| Untracked 
| 102|0x0000000710600000, 0x0000000710600000, 0x0000000710800000|  0%| F|  |TAMS 0x0000000710600000, 0x0000000710600000| Untracked 
| 103|0x0000000710800000, 0x0000000710800000, 0x0000000710a00000|  0%| F|  |TAMS 0x0000000710800000, 0x0000000710800000| Untracked 
| 104|0x0000000710a00000, 0x0000000710a00000, 0x0000000710c00000|  0%| F|  |TAMS 0x0000000710a00000, 0x0000000710a00000| Untracked 
| 105|0x0000000710c00000, 0x0000000710c00000, 0x0000000710e00000|  0%| F|  |TAMS 0x0000000710c00000, 0x0000000710c00000| Untracked 
| 106|0x0000000710e00000, 0x0000000710e00000, 0x0000000711000000|  0%| F|  |TAMS 0x0000000710e00000, 0x0000000710e00000| Untracked 
| 107|0x0000000711000000, 0x0000000711000000, 0x0000000711200000|  0%| F|  |TAMS 0x0000000711000000, 0x0000000711000000| Untracked 
| 108|0x0000000711200000, 0x0000000711200000, 0x0000000711400000|  0%| F|  |TAMS 0x0000000711200000, 0x0000000711200000| Untracked 
| 109|0x0000000711400000, 0x0000000711400000, 0x0000000711600000|  0%| F|  |TAMS 0x0000000711400000, 0x0000000711400000| Untracked 
| 110|0x0000000711600000, 0x0000000711600000, 0x0000000711800000|  0%| F|  |TAMS 0x0000000711600000, 0x0000000711600000| Untracked 
| 111|0x0000000711800000, 0x0000000711800000, 0x0000000711a00000|  0%| F|  |TAMS 0x0000000711800000, 0x0000000711800000| Untracked 
| 112|0x0000000711a00000, 0x0000000711a00000, 0x0000000711c00000|  0%| F|  |TAMS 0x0000000711a00000, 0x0000000711a00000| Untracked 
| 113|0x0000000711c00000, 0x0000000711c00000, 0x0000000711e00000|  0%| F|  |TAMS 0x0000000711c00000, 0x0000000711c00000| Untracked 
| 114|0x0000000711e00000, 0x0000000711e00000, 0x0000000712000000|  0%| F|  |TAMS 0x0000000711e00000, 0x0000000711e00000| Untracked 
| 115|0x0000000712000000, 0x0000000712000000, 0x0000000712200000|  0%| F|  |TAMS 0x0000000712000000, 0x0000000712000000| Untracked 
| 116|0x0000000712200000, 0x0000000712200000, 0x0000000712400000|  0%| F|  |TAMS 0x0000000712200000, 0x0000000712200000| Untracked 
| 117|0x0000000712400000, 0x0000000712400000, 0x0000000712600000|  0%| F|  |TAMS 0x0000000712400000, 0x0000000712400000| Untracked 
| 118|0x0000000712600000, 0x0000000712600000, 0x0000000712800000|  0%| F|  |TAMS 0x0000000712600000, 0x0000000712600000| Untracked 
| 119|0x0000000712800000, 0x0000000712800000, 0x0000000712a00000|  0%| F|  |TAMS 0x0000000712800000, 0x0000000712800000| Untracked 
| 120|0x0000000712a00000, 0x0000000712a00000, 0x0000000712c00000|  0%| F|  |TAMS 0x0000000712a00000, 0x0000000712a00000| Untracked 
| 121|0x0000000712c00000, 0x0000000712c00000, 0x0000000712e00000|  0%| F|  |TAMS 0x0000000712c00000, 0x0000000712c00000| Untracked 
| 122|0x0000000712e00000, 0x0000000712e00000, 0x0000000713000000|  0%| F|  |TAMS 0x0000000712e00000, 0x0000000712e00000| Untracked 
| 123|0x0000000713000000, 0x0000000713000000, 0x0000000713200000|  0%| F|  |TAMS 0x0000000713000000, 0x0000000713000000| Untracked 
| 124|0x0000000713200000, 0x0000000713200000, 0x0000000713400000|  0%| F|  |TAMS 0x0000000713200000, 0x0000000713200000| Untracked 
| 125|0x0000000713400000, 0x0000000713600000, 0x0000000713600000|100%| E|  |TAMS 0x0000000713400000, 0x0000000713400000| Complete 
| 126|0x0000000713600000, 0x0000000713800000, 0x0000000713800000|100%| E|CS|TAMS 0x0000000713600000, 0x0000000713600000| Complete 

Card table byte_map: [0x000001f3f6cc0000,0x000001f3f74b0000] _byte_map_base: 0x000001f3f34a3000

Marking Bits (Prev, Next): (CMBitMap*) 0x000001f3dd76a3b0, (CMBitMap*) 0x000001f3dd76a3f0
 Prev Bits: [0x000001f3f7ca0000, 0x000001f3fbbb8000)
 Next Bits: [0x000001f3fbbc0000, 0x000001f3ffad8000)

Polling page: 0x000001f3db690000

Metaspace:

Usage:
  Non-class:    432.05 KB used.
      Class:     21.93 KB used.
       Both:    453.98 KB used.

Virtual space:
  Non-class space:        8.00 MB reserved,     512.00 KB (  6%) committed,  1 nodes.
      Class space:        1.00 GB reserved,     128.00 KB ( <1%) committed,  1 nodes.
             Both:        1.01 GB reserved,     640.00 KB ( <1%) committed. 

Chunk freelists:
   Non-Class:  4.00 MB
       Class:  3.75 MB
        Both:  7.75 MB

MaxMetaspaceSize: unlimited
CompressedClassSpaceSize: 1.00 GB
Initial GC threshold: 21.00 MB
Current GC threshold: 21.00 MB
CDS: on
MetaspaceReclaimPolicy: balanced
 - commit_granule_bytes: 65536.
 - commit_granule_words: 8192.
 - virtual_space_node_default_size: 1048576.
 - enlarge_chunks_in_place: 1.
 - new_chunks_are_fully_committed: 0.
 - uncommit_free_chunks: 1.
 - use_allocation_guard: 0.
 - handle_deallocations: 1.


Internal statistics:

num_allocs_failed_limit: 0.
num_arena_births: 4.
num_arena_deaths: 0.
num_vsnodes_births: 2.
num_vsnodes_deaths: 0.
num_space_committed: 10.
num_space_uncommitted: 0.
num_chunks_returned_to_freelist: 0.
num_chunks_taken_from_freelist: 5.
num_chunk_merges: 0.
num_chunk_splits: 2.
num_chunks_enlarged: 1.
num_purges: 0.
num_inconsistent_stats: 0.

CodeHeap 'non-profiled nmethods': size=119488Kb used=55Kb max_used=55Kb free=119433Kb
 bounds [0x000001f3eecf0000, 0x000001f3eef60000, 0x000001f3f61a0000]
CodeHeap 'profiled nmethods': size=119424Kb used=300Kb max_used=300Kb free=119123Kb
 bounds [0x000001f3e71a0000, 0x000001f3e7410000, 0x000001f3ee640000]
CodeHeap 'non-nmethods': size=6848Kb used=2274Kb max_used=2276Kb free=4573Kb
 bounds [0x000001f3ee640000, 0x000001f3ee8b0000, 0x000001f3eecf0000]
 total_blobs=537 nmethods=208 adapters=253
 compilation: enabled
              stopped_count=0, restarted_count=0
 full_count=0

JVMCI Events (8 events):
Event: 0.181 Thread 0x000001f3dd6fe680 created new Java JVMCI runtime -1 (0x000001f3dd77a730)
Event: 0.277 Thread 0x000001f38301b010 created new CompileBroker JVMCI runtime 0 (0x000001f38319d8d0)
Event: 0.277 Thread 0x000001f38301b010 attached to JVMCI runtime 0
Event: 0.278 Thread 0x000001f38301b010 loaded JVMCI shared library from C:\Users\Administrator\.jdks\graalvm-ce-17-1\bin\jvmcicompiler.dll
Event: 0.281 Thread 0x000001f38301b010 created JavaVM[1]@0x000001f400c7cb28 for JVMCI runtime 0
Event: 0.281 Thread 0x000001f38301b010 initializing JVMCI runtime 0
Event: 0.281 Thread 0x000001f38301b010 initializing JavaVM references in JVMCI runtime 0
Event: 0.282 Thread 0x000001f38301b010 initialized JavaVM references in JVMCI runtime 0

Compilation events (20 events):
Event: 0.275 Thread 0x000001f38314aa00 nmethod 192 0x000001f3eecfbe90 code [0x000001f3eecfc020, 0x000001f3eecfc0f8]
Event: 0.275 Thread 0x000001f38261a440 nmethod 194 0x000001f3eecfc190 code [0x000001f3eecfc320, 0x000001f3eecfc3f8]
Event: 0.277 Thread 0x000001f38314aa00  195       3       java.lang.Class::getClassLoader (28 bytes)
Event: 0.277 Thread 0x000001f38301b010  196 %     4       java.lang.StringLatin1::indexOfChar @ 7 (33 bytes)
Event: 0.278 Thread 0x000001f38314aa00 nmethod 195 0x000001f3e71e2410 code [0x000001f3e71e2660, 0x000001f3e71e33b8]
Event: 0.280 Thread 0x000001f38314aa00  197       3       java.lang.Class::getName (18 bytes)
Event: 0.280 Thread 0x000001f38301ebd0  198       3       java.lang.StringLatin1::replace (198 bytes)
Event: 0.280 Thread 0x000001f38314aa00 nmethod 197 0x000001f3e71e3710 code [0x000001f3e71e38c0, 0x000001f3e71e3a68]
Event: 0.280 Thread 0x000001f38314aa00  199       3       jdk.internal.misc.Unsafe::allocateUninitializedArray0 (90 bytes)
Event: 0.280 Thread 0x000001f38314aa00 nmethod 199 0x000001f3e71e3b10 code [0x000001f3e71e3d20, 0x000001f3e71e4698]
Event: 0.280 Thread 0x000001f38314aa00  201       3       java.lang.String::replace (42 bytes)
Event: 0.281 Thread 0x000001f38261a440  203       3       java.lang.StringConcatHelper::newArray (40 bytes)
Event: 0.281 Thread 0x000001f38314aa00 nmethod 201 0x000001f3e71e4810 code [0x000001f3e71e49e0, 0x000001f3e71e4d38]
Event: 0.281 Thread 0x000001f38301ebd0 nmethod 198 0x000001f3e71e4e10 code [0x000001f3e71e50c0, 0x000001f3e71e60f8]
Event: 0.281 Thread 0x000001f38314aa00  204       3       jdk.internal.misc.Unsafe::allocateUninitializedArray (55 bytes)
Event: 0.281 Thread 0x000001f38261a440 nmethod 203 0x000001f3e71e6690 code [0x000001f3e71e6860, 0x000001f3e71e6d18]
Event: 0.281 Thread 0x000001f38301ebd0  205       3       org.jetbrains.capture.org.objectweb.asm.Type::getInternalName (12 bytes)
Event: 0.281 Thread 0x000001f38301ebd0 nmethod 205 0x000001f3e71e6e10 code [0x000001f3e71e6fc0, 0x000001f3e71e71f8]
Event: 0.281 Thread 0x000001f38314aa00 nmethod 204 0x000001f3e71e7310 code [0x000001f3e71e7520, 0x000001f3e71e79d8]
Event: 0.284 Thread 0x000001f38301ebd0  208       3       java.io.DataOutputStream::writeUTF (411 bytes)

GC Heap History (0 events):
No events

Dll operation events (5 events):
Event: 0.172 Loaded shared library C:\Users\Administrator\.jdks\graalvm-ce-17-1\bin\java.dll
Event: 0.173 Loaded shared library C:\Users\Administrator\.jdks\graalvm-ce-17-1\bin\zip.dll
Event: 0.183 Loaded shared library C:\Users\Administrator\.jdks\graalvm-ce-17-1\bin\jsvml.dll
Event: 0.278 Loaded shared library C:\Users\Administrator\.jdks\graalvm-ce-17-1\bin\instrument.dll
Event: 0.278 Loaded shared library C:\Users\Administrator\.jdks\graalvm-ce-17-1\bin\jvmcicompiler.dll

Deoptimization events (0 events):
No events

Classes unloaded (0 events):
No events

Classes redefined (0 events):
No events

Internal exceptions (0 events):
No events

VM Operations (8 events):
Event: 0.247 Executing VM operation: HandshakeAllThreads
Event: 0.248 Executing VM operation: HandshakeAllThreads done
Event: 0.260 Executing VM operation: ChangeBreakpoints
Event: 0.260 Executing VM operation: ChangeBreakpoints done
Event: 0.277 Executing VM operation: ChangeBreakpoints
Event: 0.277 Executing VM operation: ChangeBreakpoints done
Event: 0.277 Executing VM operation: ChangeBreakpoints
Event: 0.277 Executing VM operation: ChangeBreakpoints done

Events (20 events):
Event: 0.281 loading class java/lang/instrument/ClassFileTransformer done
Event: 0.281 loading class com/intellij/rt/debugger/agent/CaptureAgent$CaptureTransformer done
Event: 0.282 loading class com/intellij/rt/debugger/agent/CaptureStorage
Event: 0.282 loading class jdk/vm/ci/services/Services
Event: 0.282 loading class com/intellij/rt/debugger/agent/CaptureStorage done
Event: 0.282 loading class com/intellij/rt/debugger/agent/CaptureStorage$1
Event: 0.282 loading class jdk/vm/ci/services/Services done
Event: 0.282 loading class com/intellij/rt/debugger/agent/CaptureStorage$1 done
Event: 0.282 loading class com/intellij/rt/debugger/agent/CollectionBreakpointInstrumentor
Event: 0.282 loading class java/util/Collections$UnmodifiableMap$UnmodifiableEntrySet
Event: 0.282 loading class java/util/Collections$UnmodifiableMap$UnmodifiableEntrySet done
Event: 0.282 loading class java/util/Collections$UnmodifiableMap$UnmodifiableEntrySet$1
Event: 0.282 loading class java/util/Collections$UnmodifiableMap$UnmodifiableEntrySet$1 done
Event: 0.282 loading class com/intellij/rt/debugger/agent/CollectionBreakpointInstrumentor done
Event: 0.282 loading class java/util/Collections$UnmodifiableMap$UnmodifiableEntrySet$UnmodifiableEntry
Event: 0.282 loading class com/intellij/rt/debugger/agent/CollectionBreakpointInstrumentor$ConcurrentIdentityHashMap
Event: 0.282 loading class java/util/Collections$UnmodifiableMap$UnmodifiableEntrySet$UnmodifiableEntry done
Event: 0.282 loading class com/intellij/rt/debugger/agent/CollectionBreakpointInstrumentor$ConcurrentIdentityHashMap done
Event: 0.282 loading class java/io/DataOutputStream
Event: 0.282 loading class java/io/DataOutputStream done


Dynamic libraries:
0x00007ff666000000 - 0x00007ff66600e000 	C:\Users\Administrator\.jdks\graalvm-ce-17-1\bin\java.exe
0x00007ffe0a2f0000 - 0x00007ffe0a4e8000 	C:\Windows\SYSTEM32\ntdll.dll
0x00007ffe024b0000 - 0x00007ffe024c9000 	C:\Program Files\Avast Software\Avast\aswhook.dll
0x00007ffe09870000 - 0x00007ffe0992f000 	C:\Windows\System32\KERNEL32.DLL
0x00007ffe07d80000 - 0x00007ffe08052000 	C:\Windows\System32\KERNELBASE.dll
0x00007ffe07c80000 - 0x00007ffe07d80000 	C:\Windows\System32\ucrtbase.dll
0x00007ffdb4860000 - 0x00007ffdb4877000 	C:\Users\Administrator\.jdks\graalvm-ce-17-1\bin\jli.dll
0x00007ffdb4840000 - 0x00007ffdb485b000 	C:\Users\Administrator\.jdks\graalvm-ce-17-1\bin\VCRUNTIME140.dll
0x00007ffe09a70000 - 0x00007ffe09c11000 	C:\Windows\System32\USER32.dll
0x00007ffe07af0000 - 0x00007ffe07b12000 	C:\Windows\System32\win32u.dll
0x00007ffdf9180000 - 0x00007ffdf941a000 	C:\Windows\WinSxS\amd64_microsoft.windows.common-controls_6595b64144ccf1df_6.0.19041.1110_none_60b5254171f9507e\COMCTL32.dll
0x00007ffe083b0000 - 0x00007ffe083db000 	C:\Windows\System32\GDI32.dll
0x00007ffe099d0000 - 0x00007ffe09a6e000 	C:\Windows\System32\msvcrt.dll
0x00007ffe07b20000 - 0x00007ffe07c2f000 	C:\Windows\System32\gdi32full.dll
0x00007ffe08110000 - 0x00007ffe081ad000 	C:\Windows\System32\msvcp_win.dll
0x00007ffe0a280000 - 0x00007ffe0a2b0000 	C:\Windows\System32\IMM32.DLL
0x00007ffde0600000 - 0x00007ffde060c000 	C:\Users\Administrator\.jdks\graalvm-ce-17-1\bin\vcruntime140_1.dll
0x00007ffdb5090000 - 0x00007ffdb511e000 	C:\Users\Administrator\.jdks\graalvm-ce-17-1\bin\msvcp140.dll
0x00007ffd9a780000 - 0x00007ffd9b34c000 	C:\Users\Administrator\.jdks\graalvm-ce-17-1\bin\server\jvm.dll
0x00007ffe08cd0000 - 0x00007ffe08d7e000 	C:\Windows\System32\ADVAPI32.dll
0x00007ffe09930000 - 0x00007ffe099cc000 	C:\Windows\System32\sechost.dll
0x00007ffe08e00000 - 0x00007ffe08f24000 	C:\Windows\System32\RPCRT4.dll
0x00007ffe003b0000 - 0x00007ffe003b9000 	C:\Windows\SYSTEM32\WSOCK32.dll
0x00007ffe01900000 - 0x00007ffe0190a000 	C:\Windows\SYSTEM32\VERSION.dll
0x00007ffe00730000 - 0x00007ffe00757000 	C:\Windows\SYSTEM32\WINMM.dll
0x00007ffe0a130000 - 0x00007ffe0a19b000 	C:\Windows\System32\WS2_32.dll
0x00007ffe06200000 - 0x00007ffe06212000 	C:\Windows\SYSTEM32\kernel.appcore.dll
0x00007ffde02c0000 - 0x00007ffde02ca000 	C:\Users\Administrator\.jdks\graalvm-ce-17-1\bin\jimage.dll
0x00007ffe05750000 - 0x00007ffe05934000 	C:\Windows\SYSTEM32\DBGHELP.DLL
0x00007ffdf7ca0000 - 0x00007ffdf7cd5000 	C:\Windows\SYSTEM32\dbgcore.DLL
0x00007ffe079f0000 - 0x00007ffe07a72000 	C:\Windows\System32\bcryptPrimitives.dll
0x00007ffdcae90000 - 0x00007ffdcaecb000 	C:\Users\Administrator\.jdks\graalvm-ce-17-1\bin\jdwp.dll
0x00007ffe00c50000 - 0x00007ffe00c5e000 	C:\Users\Administrator\.jdks\graalvm-ce-17-1\bin\instrument.dll
0x00007ffdb5060000 - 0x00007ffdb5085000 	C:\Users\Administrator\.jdks\graalvm-ce-17-1\bin\java.dll
0x00007ffdb4640000 - 0x00007ffdb4658000 	C:\Users\Administrator\.jdks\graalvm-ce-17-1\bin\zip.dll
0x00007ffdb46a0000 - 0x00007ffdb4777000 	C:\Users\Administrator\.jdks\graalvm-ce-17-1\bin\jsvml.dll
0x00007ffe08580000 - 0x00007ffe08cc5000 	C:\Windows\System32\SHELL32.dll
0x00007ffe05940000 - 0x00007ffe060d2000 	C:\Windows\SYSTEM32\windows.storage.dll
0x00007ffe09040000 - 0x00007ffe09395000 	C:\Windows\System32\combase.dll
0x00007ffe07370000 - 0x00007ffe073a0000 	C:\Windows\SYSTEM32\Wldp.dll
0x00007ffe084d0000 - 0x00007ffe0857d000 	C:\Windows\System32\SHCORE.dll
0x00007ffe08f30000 - 0x00007ffe08f85000 	C:\Windows\System32\shlwapi.dll
0x00007ffe07930000 - 0x00007ffe0794f000 	C:\Windows\SYSTEM32\profapi.dll
0x00007ffdf2f90000 - 0x00007ffdf2f9c000 	C:\Users\Administrator\.jdks\graalvm-ce-17-1\bin\dt_socket.dll
0x00007ffe06e10000 - 0x00007ffe06e4b000 	C:\Windows\SYSTEM32\IPHLPAPI.DLL
0x00007ffe07150000 - 0x00007ffe071ba000 	C:\Windows\system32\mswsock.dll
0x00007ffd98710000 - 0x00007ffd9a771000 	C:\Users\Administrator\.jdks\graalvm-ce-17-1\bin\jvmcicompiler.dll
0x00007ffe078b0000 - 0x00007ffe078de000 	C:\Windows\SYSTEM32\USERENV.dll
0x00007ffe074c0000 - 0x00007ffe074e7000 	C:\Windows\SYSTEM32\ncrypt.dll
0x00007ffe07480000 - 0x00007ffe074bb000 	C:\Windows\SYSTEM32\NTASN1.dll

dbghelp: loaded successfully - version: 4.0.5 - missing functions: none
symbol engine: initialized successfully - sym options: 0x614 - pdb path: .;C:\Users\Administrator\.jdks\graalvm-ce-17-1\bin;C:\Windows\SYSTEM32;C:\Program Files\Avast Software\Avast;C:\Windows\WinSxS\amd64_microsoft.windows.common-controls_6595b64144ccf1df_6.0.19041.1110_none_60b5254171f9507e;C:\Users\Administrator\.jdks\graalvm-ce-17-1\bin\server

VM Arguments:
jvm_args: -XX:ThreadPriorityPolicy=1 -XX:+UnlockExperimentalVMOptions -XX:+EnableJVMCIProduct -XX:JVMCIThreadsPerNativeLibraryRuntime=1 -XX:-UnlockExperimentalVMOptions -agentlib:jdwp=transport=dt_socket,address=127.0.0.1:63733,suspend=y,server=n -ea -Didea.test.cyclic.buffer.size=1048576 -javaagent:C:\Users\Administrator\AppData\Local\JetBrains\IntelliJIdea2023.1\captureAgent\debugger-agent.jar -Dfile.encoding=UTF-8 
java_command: com.intellij.rt.junit.JUnitStarter -ideVersion5 -junit5 converter.scheduler.stocks.BaselinkerInventoryLoadSchedulerTest,loadInventoryShouldBeCalledOneTimeWithoutErrors
java_class_path (initial): C:\Users\Administrator\.m2\repository\org\junit\platform\junit-platform-launcher\1.5.2\junit-platform-launcher-1.5.2.jar;C:\Users\Administrator\.m2\repository\org\junit\vintage\junit-vintage-engine\5.5.2\junit-vintage-engine-5.5.2.jar;C:\Program Files\JetBrains\IntelliJ IDEA 2021.2.2\lib\idea_rt.jar;C:\Program Files\JetBrains\IntelliJ IDEA 2021.2.2\plugins\junit\lib\junit5-rt.jar;C:\Program Files\JetBrains\IntelliJ IDEA 2021.2.2\plugins\junit\lib\junit-rt.jar;C:\Projects_programming\JAVA\Converter\target\test-classes;C:\Projects_programming\JAVA\Converter\target\classes;C:\Users\Administrator\.m2\repository\javax\xml\bind\jaxb-api\2.3.0\jaxb-api-2.3.0.jar;C:\Users\Administrator\.m2\repository\org\junit\jupiter\junit-jupiter-params\5.5.2\junit-jupiter-params-5.5.2.jar;C:\Users\Administrator\.m2\repository\org\apiguardian\apiguardian-api\1.1.0\apiguardian-api-1.1.0.jar;C:\Users\Administrator\.m2\repository\org\junit\jupiter\junit-jupiter-engine\5.5.2\junit-jupiter-engine-5.5.2.jar;C:\Users\Administrator\.m2\repository\org\junit\platform\junit-platform-engine\1.5.2\junit-platform-engine-1.5.2.jar;C:\Users\Administrator\.m2\repository\org\junit\jupiter\junit-jupiter-api\5.5.2\junit-jupiter-api-5.5.2.jar;C:\Users\Administrator\.m2\repository\org\opentest4j\opentest4j\1.2.0\opentest4j-1.2.0.jar;C:\Users\Administrator\.m2\repository\org\junit\platform\junit-platform-commons\1.5.2\junit-platform-commons-1.5.2.jar;C:\Users\Administrator\.m2\repository\org\projectlombok\lombok\1.18.24\lombok-1.18.24.jar;C:\Users\Administrator\.m2\repository\commons-io\commons-io\2.11.0\commons-io-2.11.0.jar;C:\Users\Administrator\.m2\repository\org\mockito\mockito-junit-jupiter\4.8.1\mockito-junit-jupiter-4.8.1.jar;C:\Users\Administrator\.m2\repository\org\mockito\mockito-core\4.8.1\mockito-core-4.8.1.jar;C:\Users\Administrator\.m2\repository\net\bytebuddy\byte-buddy\1.12.16\byte-buddy-1.12.16.jar;C:\Users\Administrator\.m2\repository\net\bytebuddy\byte-buddy-agen
Launcher Type: SUN_STANDARD

[Global flags]
     intx CICompilerCount                          = 4                                         {product} {ergonomic}
     uint ConcGCThreads                            = 2                                         {product} {ergonomic}
     bool EnableJVMCIProduct                       = true                                {JVMCI product} {jimage}
     uint G1ConcRefinementThreads                  = 8                                         {product} {ergonomic}
   size_t G1HeapRegionSize                         = 2097152                                   {product} {ergonomic}
    uintx GCDrainStackTargetSize                   = 64                                        {product} {ergonomic}
   size_t InitialHeapSize                          = 266338304                                 {product} {ergonomic}
     uint JVMCIThreadsPerNativeLibraryRuntime      = 1                                   {JVMCI product} {jimage}
   size_t MarkStackSize                            = 4194304                                   {product} {ergonomic}
   size_t MaxHeapSize                              = 4234149888                                {product} {ergonomic}
   size_t MaxNewSize                               = 2539651072                                {product} {ergonomic}
   size_t MinHeapDeltaBytes                        = 2097152                                   {product} {ergonomic}
   size_t MinHeapSize                              = 8388608                                   {product} {ergonomic}
    uintx NonNMethodCodeHeapSize                   = 6979620                                {pd product} {ergonomic}
    uintx NonProfiledCodeHeapSize                  = 122339310                              {pd product} {ergonomic}
    uintx ProfiledCodeHeapSize                     = 122339310                              {pd product} {ergonomic}
    uintx ReservedCodeCacheSize                    = 251658240                              {pd product} {ergonomic}
     bool SegmentedCodeCache                       = true                                      {product} {ergonomic}
   size_t SoftMaxHeapSize                          = 4234149888                             {manageable} {ergonomic}
     intx ThreadPriorityPolicy                     = 1                                         {product} {jimage}
     bool UseCompressedClassPointers               = true                           {product lp64_product} {ergonomic}
     bool UseCompressedOops                        = true                           {product lp64_product} {ergonomic}
     bool UseG1GC                                  = true                                      {product} {ergonomic}
     bool UseLargePagesIndividualAllocation        = false                                  {pd product} {ergonomic}

Logging:
Log output configuration:
 #0: stdout all=warning uptime,level,tags
 #1: stderr all=off uptime,level,tags

Environment Variables:
PATH=C:\Program Files (x86)\VMware\VMware Player\bin\;C:\Program Files\Common Files\Oracle\Java\javapath;C:\Program Files (x86)\Common Files\Oracle\Java\javapath;C:\Windows\system32;C:\Windows;C:\Windows\System32\Wbem;C:\Windows\System32\WindowsPowerShell\v1.0\;C:\Windows\System32\OpenSSH\;C:\Program Files (x86)\NVIDIA Corporation\PhysX\Common;C:\Program Files\NVIDIA Corporation\NVIDIA NvDLISR;C:\Program Files\PuTTY\;C:\Program Files (x86)\AOMEI\AOMEI Backupper\6.9.2;C:\Program Files\Docker\Docker\resources\bin;C:\Program Files\Git\cmd;C:\Program Files\GitHub CLI\;C:\Users\Administrator\AppData\Local\Microsoft\WindowsApps;C:\Program Files\JetBrains\IntelliJ IDEA 2021.2.2\bin;;C:\Program Files\Java\jdk-15.0.2\bin;;C:\Users\Administrator\AppData\Local\Programs\Microsoft VS Code\bin;C:\Program Files\BioStar 2(x64)\ve\dist\lib\bsve\dll;;C:\Program Files\BioStar 2(x64)\ve\dist\lib\bsve\dll;
USERNAME=Administrator
OS=Windows_NT
PROCESSOR_IDENTIFIER=Intel64 Family 6 Model 140 Stepping 1, GenuineIntel
TMP=C:\Users\ADMINI~1\AppData\Local\Temp
TEMP=C:\Users\ADMINI~1\AppData\Local\Temp



---------------  S Y S T E M  ---------------

OS:
 Windows 10 , 64 bit Build 19041 (10.0.19041.2546)
OS uptime: 0 days 16:12 hours
Hyper-V role detected

CPU: total 8 (initial active 8) (4 cores per cpu, 2 threads per core) family 6 model 140 stepping 1 microcode 0xa4, cx8, cmov, fxsr, ht, mmx, 3dnowpref, sse, sse2, sse3, ssse3, sse4.1, sse4.2, popcnt, lzcnt, tsc, tscinvbit, avx, avx2, aes, erms, clmul, bmi1, bmi2, adx, avx512f, avx512dq, avx512cd, avx512bw, avx512vl, sha, fma, vzeroupper, avx512_vpopcntdq, avx512_vpclmulqdq, avx512_vaes, avx512_vnni, clflush, clflushopt, clwb, avx512_vbmi2, avx512_vbmi, hv

Memory: 4k page, system-wide physical 16149M (5681M free)
TotalPageFile size 28437M (AvailPageFile size 10445M)
current process WorkingSet (physical memory assigned to process): 55M, peak: 55M
current process commit charge ("private bytes"): 361M, peak: 361M

vm_info: OpenJDK 64-Bit Server VM (17.0.6+10-jvmci-22.3-b13) for windows-amd64 JRE (17.0.6+10-jvmci-22.3-b13), built on Jan 18 2023 13:16:54 by "" with MS VC++ 17.1 (VS2022)

END.
